[23:48:33] [ServerMain/INFO]: Environment: Environment[sessionHost=https://sessionserver.mojang.com, servicesHost=https://api.minecraftservices.com, name=PROD]
[23:48:35] [ServerMain/INFO]: Loaded 1373 recipes
[23:48:37] [Server thread/INFO]: Starting minecraft server version 1.21.5
[23:48:37] [Server thread/INFO]: Loading properties
[23:48:37] [Server thread/INFO]: This server is running CraftBukkit version 4492-Spigot-3dafb73-07a3b65 (MC: 1.21.5) (Implementing API version 1.21.5-R0.1-SNAPSHOT)
[23:48:38] [Server thread/INFO]: *** This version of Spigot contains changes to some enums. If you notice that plugins no longer work after updating, please report this to the developers of those plugins first. ***
[23:48:38] [Server thread/INFO]: *** If you cannot update those plugins, you can try setting `settings.compatibility.enum-compatibility-mode` to `true` in `bukkit.yml`. ***
[23:48:38] [Server thread/INFO]: Debug logging is disabled
[23:48:38] [Server thread/INFO]: Server Ping Player Sample Count: 12
[23:48:38] [Server thread/INFO]: Using 4 threads for Netty based IO
[23:48:38] [Server thread/INFO]: Default game type: SURVIVAL
[23:48:38] [Server thread/INFO]: Generating keypair
[23:48:38] [Server thread/INFO]: Starting Minecraft server on *:25565
[23:48:38] [Server thread/INFO]: Using default channel type
[23:48:38] [Server thread/INFO]: [Pixelmon] Loading Pixelmon v1.0
[23:48:38] [Server thread/INFO]: Preparing level "world"
[23:48:38] [Server thread/INFO]: -------- World Settings For [world] --------
[23:48:38] [Server thread/INFO]: View Distance: 10
[23:48:38] [Server thread/INFO]: Item Merge Radius: 2.5
[23:48:38] [Server thread/INFO]: Experience Merge Radius: 3.0
[23:48:38] [Server thread/INFO]: Mob Spawn Range: 6
[23:48:38] [Server thread/INFO]: Entity Tracking Range: Pl 48 / An 48 / Mo 48 / Mi 32 / Di 128 / Other 64
[23:48:38] [Server thread/INFO]: Hopper Transfer: 8 Hopper Check: 1 Hopper Amount: 1 Hopper Can Load Chunks: false
[23:48:38] [Server thread/INFO]: Max TNT Explosions: 100
[23:48:38] [Server thread/INFO]: Tile Max Tick Time: 50ms Entity max Tick Time: 50ms
[23:48:38] [Server thread/INFO]: Item Despawn Rate: 6000
[23:48:38] [Server thread/INFO]: Simulation Distance: 10
[23:48:38] [Server thread/INFO]: Arrow Despawn Rate: 1200 Trident Respawn Rate:1200
[23:48:38] [Server thread/INFO]: Nerfing mobs spawned from spawners: false
[23:48:38] [Server thread/INFO]: Cactus Growth Modifier: 100%
[23:48:38] [Server thread/INFO]: Cane Growth Modifier: 100%
[23:48:38] [Server thread/INFO]: Melon Growth Modifier: 100%
[23:48:38] [Server thread/INFO]: Mushroom Growth Modifier: 100%
[23:48:38] [Server thread/INFO]: Pumpkin Growth Modifier: 100%
[23:48:38] [Server thread/INFO]: Sapling Growth Modifier: 100%
[23:48:38] [Server thread/INFO]: Beetroot Growth Modifier: 100%
[23:48:38] [Server thread/INFO]: Carrot Growth Modifier: 100%
[23:48:38] [Server thread/INFO]: Potato Growth Modifier: 100%
[23:48:38] [Server thread/INFO]: Wheat Growth Modifier: 100%
[23:48:38] [Server thread/INFO]: NetherWart Growth Modifier: 100%
[23:48:38] [Server thread/INFO]: Vine Growth Modifier: 100%
[23:48:38] [Server thread/INFO]: Cocoa Growth Modifier: 100%
[23:48:38] [Server thread/INFO]: Bamboo Growth Modifier: 100%
[23:48:38] [Server thread/INFO]: SweetBerry Growth Modifier: 100%
[23:48:38] [Server thread/INFO]: Kelp Growth Modifier: 100%
[23:48:38] [Server thread/INFO]: TwistingVines Growth Modifier: 100%
[23:48:38] [Server thread/INFO]: WeepingVines Growth Modifier: 100%
[23:48:38] [Server thread/INFO]: CaveVines Growth Modifier: 100%
[23:48:38] [Server thread/INFO]: Entity Activation Range: An 32 / Mo 32 / Ra 48 / Mi 16 / Tiv true / Isa false
[23:48:38] [Server thread/INFO]: Custom Map Seeds:  Village: 10387312 Desert: 14357617 Igloo: 14357618 Jungle: 14357619 Swamp: 14357620 Monument: 10387313 Ocean: 14357621 Shipwreck: 165745295 End City: 10387313 Slime: 987234911 Nether: 30084232 Mansion: 10387319 Fossil: 14357921 Portal: 34222645
[23:48:38] [Server thread/INFO]: Allow Zombie Pigmen to spawn from portal blocks: true
[23:48:38] [Server thread/INFO]: Zombie Aggressive Towards Villager: true
[23:48:39] [Server thread/INFO]: -------- World Settings For [world_nether] --------
[23:48:39] [Server thread/INFO]: View Distance: 10
[23:48:39] [Server thread/INFO]: Item Merge Radius: 2.5
[23:48:39] [Server thread/INFO]: Experience Merge Radius: 3.0
[23:48:39] [Server thread/INFO]: Mob Spawn Range: 6
[23:48:39] [Server thread/INFO]: Entity Tracking Range: Pl 48 / An 48 / Mo 48 / Mi 32 / Di 128 / Other 64
[23:48:39] [Server thread/INFO]: Hopper Transfer: 8 Hopper Check: 1 Hopper Amount: 1 Hopper Can Load Chunks: false
[23:48:39] [Server thread/INFO]: Max TNT Explosions: 100
[23:48:39] [Server thread/INFO]: Tile Max Tick Time: 50ms Entity max Tick Time: 50ms
[23:48:39] [Server thread/INFO]: Item Despawn Rate: 6000
[23:48:39] [Server thread/INFO]: Simulation Distance: 10
[23:48:39] [Server thread/INFO]: Arrow Despawn Rate: 1200 Trident Respawn Rate:1200
[23:48:39] [Server thread/INFO]: Nerfing mobs spawned from spawners: false
[23:48:39] [Server thread/INFO]: Cactus Growth Modifier: 100%
[23:48:39] [Server thread/INFO]: Cane Growth Modifier: 100%
[23:48:39] [Server thread/INFO]: Melon Growth Modifier: 100%
[23:48:39] [Server thread/INFO]: Mushroom Growth Modifier: 100%
[23:48:39] [Server thread/INFO]: Pumpkin Growth Modifier: 100%
[23:48:39] [Server thread/INFO]: Sapling Growth Modifier: 100%
[23:48:39] [Server thread/INFO]: Beetroot Growth Modifier: 100%
[23:48:39] [Server thread/INFO]: Carrot Growth Modifier: 100%
[23:48:39] [Server thread/INFO]: Potato Growth Modifier: 100%
[23:48:39] [Server thread/INFO]: Wheat Growth Modifier: 100%
[23:48:39] [Server thread/INFO]: NetherWart Growth Modifier: 100%
[23:48:39] [Server thread/INFO]: Vine Growth Modifier: 100%
[23:48:39] [Server thread/INFO]: Cocoa Growth Modifier: 100%
[23:48:39] [Server thread/INFO]: Bamboo Growth Modifier: 100%
[23:48:39] [Server thread/INFO]: SweetBerry Growth Modifier: 100%
[23:48:39] [Server thread/INFO]: Kelp Growth Modifier: 100%
[23:48:39] [Server thread/INFO]: TwistingVines Growth Modifier: 100%
[23:48:39] [Server thread/INFO]: WeepingVines Growth Modifier: 100%
[23:48:39] [Server thread/INFO]: CaveVines Growth Modifier: 100%
[23:48:39] [Server thread/INFO]: Entity Activation Range: An 32 / Mo 32 / Ra 48 / Mi 16 / Tiv true / Isa false
[23:48:39] [Server thread/INFO]: Custom Map Seeds:  Village: 10387312 Desert: 14357617 Igloo: 14357618 Jungle: 14357619 Swamp: 14357620 Monument: 10387313 Ocean: 14357621 Shipwreck: 165745295 End City: 10387313 Slime: 987234911 Nether: 30084232 Mansion: 10387319 Fossil: 14357921 Portal: 34222645
[23:48:39] [Server thread/INFO]: Allow Zombie Pigmen to spawn from portal blocks: true
[23:48:39] [Server thread/INFO]: Zombie Aggressive Towards Villager: true
[23:48:39] [Server thread/INFO]: -------- World Settings For [world_the_end] --------
[23:48:39] [Server thread/INFO]: View Distance: 10
[23:48:39] [Server thread/INFO]: Item Merge Radius: 2.5
[23:48:39] [Server thread/INFO]: Experience Merge Radius: 3.0
[23:48:39] [Server thread/INFO]: Mob Spawn Range: 6
[23:48:39] [Server thread/INFO]: Entity Tracking Range: Pl 48 / An 48 / Mo 48 / Mi 32 / Di 128 / Other 64
[23:48:39] [Server thread/INFO]: Hopper Transfer: 8 Hopper Check: 1 Hopper Amount: 1 Hopper Can Load Chunks: false
[23:48:39] [Server thread/INFO]: Max TNT Explosions: 100
[23:48:39] [Server thread/INFO]: Tile Max Tick Time: 50ms Entity max Tick Time: 50ms
[23:48:39] [Server thread/INFO]: Item Despawn Rate: 6000
[23:48:39] [Server thread/INFO]: Simulation Distance: 10
[23:48:39] [Server thread/INFO]: Arrow Despawn Rate: 1200 Trident Respawn Rate:1200
[23:48:39] [Server thread/INFO]: Nerfing mobs spawned from spawners: false
[23:48:39] [Server thread/INFO]: Cactus Growth Modifier: 100%
[23:48:39] [Server thread/INFO]: Cane Growth Modifier: 100%
[23:48:39] [Server thread/INFO]: Melon Growth Modifier: 100%
[23:48:39] [Server thread/INFO]: Mushroom Growth Modifier: 100%
[23:48:39] [Server thread/INFO]: Pumpkin Growth Modifier: 100%
[23:48:39] [Server thread/INFO]: Sapling Growth Modifier: 100%
[23:48:39] [Server thread/INFO]: Beetroot Growth Modifier: 100%
[23:48:39] [Server thread/INFO]: Carrot Growth Modifier: 100%
[23:48:39] [Server thread/INFO]: Potato Growth Modifier: 100%
[23:48:39] [Server thread/INFO]: Wheat Growth Modifier: 100%
[23:48:39] [Server thread/INFO]: NetherWart Growth Modifier: 100%
[23:48:39] [Server thread/INFO]: Vine Growth Modifier: 100%
[23:48:39] [Server thread/INFO]: Cocoa Growth Modifier: 100%
[23:48:39] [Server thread/INFO]: Bamboo Growth Modifier: 100%
[23:48:39] [Server thread/INFO]: SweetBerry Growth Modifier: 100%
[23:48:39] [Server thread/INFO]: Kelp Growth Modifier: 100%
[23:48:39] [Server thread/INFO]: TwistingVines Growth Modifier: 100%
[23:48:39] [Server thread/INFO]: WeepingVines Growth Modifier: 100%
[23:48:39] [Server thread/INFO]: CaveVines Growth Modifier: 100%
[23:48:39] [Server thread/INFO]: Entity Activation Range: An 32 / Mo 32 / Ra 48 / Mi 16 / Tiv true / Isa false
[23:48:39] [Server thread/INFO]: Custom Map Seeds:  Village: 10387312 Desert: 14357617 Igloo: 14357618 Jungle: 14357619 Swamp: 14357620 Monument: 10387313 Ocean: 14357621 Shipwreck: 165745295 End City: 10387313 Slime: 987234911 Nether: 30084232 Mansion: 10387319 Fossil: 14357921 Portal: 34222645
[23:48:39] [Server thread/INFO]: Allow Zombie Pigmen to spawn from portal blocks: true
[23:48:39] [Server thread/INFO]: Zombie Aggressive Towards Villager: true
[23:48:39] [Server thread/INFO]: Preparing start region for dimension minecraft:overworld
[23:48:39] [Worker-Main-9/INFO]: Preparing spawn area: 0%
[23:48:39] [Server thread/INFO]: Time elapsed: 164 ms
[23:48:39] [Server thread/INFO]: Preparing start region for dimension minecraft:the_nether
[23:48:39] [Worker-Main-12/INFO]: Preparing spawn area: 0%
[23:48:39] [Server thread/INFO]: Time elapsed: 190 ms
[23:48:39] [Server thread/INFO]: Preparing start region for dimension minecraft:the_end
[23:48:39] [Worker-Main-10/INFO]: Preparing spawn area: 0%
[23:48:40] [Server thread/INFO]: Time elapsed: 300 ms
[23:48:40] [Server thread/INFO]: [Pixelmon] Enabling Pixelmon v1.0
[23:48:40] [Server thread/INFO]: [Pixelmon] Plugin [Pixelmon] started
[23:48:40] [Server thread/INFO]: Server permissions file permissions.yml is empty, ignoring it
[23:48:40] [Server thread/INFO]: Done (1.444s)! For help, type "help"
[23:49:40] [Server thread/INFO]: Server empty for 60 seconds, pausing
[23:52:35] [User Authenticator #1/INFO]: UUID of player SouperMan is 53c78e30-6df5-4af5-bee7-a4d7dfa4a290
[23:52:36] [Server thread/INFO]: SouperMan joined the game
[23:52:36] [Server thread/INFO]: SouperMan[/127.0.0.1:50555] logged in with entity id 11 at ([world]2.4492059114992415, 0.0, -1.2383080219292335)
[23:52:54] [Server thread/INFO]: 1
[23:53:08] [Server thread/INFO]: SouperMan lost connection: Disconnected
[23:53:08] [Server thread/INFO]: SouperMan left the game
[23:53:28] [User Authenticator #2/INFO]: UUID of player SouperMan is 53c78e30-6df5-4af5-bee7-a4d7dfa4a290
[23:53:28] [Server thread/INFO]: SouperMan joined the game
[23:53:28] [Server thread/INFO]: SouperMan[/127.0.0.1:50571] logged in with entity id 15 at ([world]-0.8988182895073609, 0.0, 1.9199778325547976)
[23:53:55] [Server thread/INFO]: 1
[23:55:26] [Server thread/INFO]: SouperMan lost connection: Disconnected
[23:55:26] [Server thread/INFO]: SouperMan left the game
[23:55:34] [Thread-0/INFO]: Stopping server
[23:55:34] [Thread-0/INFO]: Saving players
